        -:    0:Source:/usr/lib/gcc/x86_64-linux-gnu/9/adainclude/a-coinve.adb
        -:    1:------------------------------------------------------------------------------
        -:    2:--                                                                          --
        -:    3:--                         GNAT LIBRARY COMPONENTS                          --
        -:    4:--                                                                          --
        -:    5:--    A D A . C O N T A I N E R S . I N D E F I N I T E _ V E C T O R S     --
        -:    6:--                                                                          --
        -:    7:--                                 B o d y                                  --
        -:    8:--                                                                          --
        -:    9:--          Copyright (C) 2004-2019, Free Software Foundation, Inc.         --
        -:   10:--                                                                          --
        -:   11:-- GNAT is free software;  you can  redistribute it  and/or modify it under --
        -:   12:-- terms of the  GNU General Public License as published  by the Free Soft- --
        -:   13:-- ware  Foundation;  either version 3,  or (at your option) any later ver- --
        -:   14:-- sion.  GNAT is distributed in the hope that it will be useful, but WITH- --
        -:   15:-- OUT ANY WARRANTY;  without even the  implied warranty of MERCHANTABILITY --
        -:   16:-- or FITNESS FOR A PARTICULAR PURPOSE.                                     --
        -:   17:--                                                                          --
        -:   18:-- As a special exception under Section 7 of GPL version 3, you are granted --
        -:   19:-- additional permissions described in the GCC Runtime Library Exception,   --
        -:   20:-- version 3.1, as published by the Free Software Foundation.               --
        -:   21:--                                                                          --
        -:   22:-- You should have received a copy of the GNU General Public License and    --
        -:   23:-- a copy of the GCC Runtime Library Exception along with this program;     --
        -:   24:-- see the files COPYING3 and COPYING.RUNTIME respectively.  If not, see    --
        -:   25:-- <http://www.gnu.org/licenses/>.                                          --
        -:   26:--                                                                          --
        -:   27:-- This unit was originally developed by Matthew J Heaney.                  --
        -:   28:------------------------------------------------------------------------------
        -:   29:
        -:   30:with Ada.Containers.Generic_Array_Sort;
        -:   31:with Ada.Unchecked_Deallocation;
        -:   32:
        -:   33:with System; use type System.Address;
        -:   34:
        -:   35:package body Ada.Containers.Indefinite_Vectors is
        -:   36:
        -:   37:   pragma Warnings (Off, "variable ""Busy*"" is not referenced");
        -:   38:   pragma Warnings (Off, "variable ""Lock*"" is not referenced");
        -:   39:   --  See comment in Ada.Containers.Helpers
        -:   40:
        -:   41:   procedure Free is
        -:   42:     new Ada.Unchecked_Deallocation (Elements_Type, Elements_Access);
        -:   43:
        -:   44:   procedure Free is
        -:   45:     new Ada.Unchecked_Deallocation (Element_Type, Element_Access);
        -:   46:
        -:   47:   procedure Append_Slow_Path
        -:   48:     (Container : in out Vector;
        -:   49:      New_Item  : Element_Type;
        -:   50:      Count     : Count_Type);
        -:   51:   --  This is the slow path for Append. This is split out to minimize the size
        -:   52:   --  of Append, because we have Inline (Append).
        -:   53:
        -:   54:   ---------
        -:   55:   -- "&" --
        -:   56:   ---------
        -:   57:
        -:   58:   --  We decide that the capacity of the result of "&" is the minimum needed
        -:   59:   --  -- the sum of the lengths of the vector parameters. We could decide to
        -:   60:   --  make it larger, but we have no basis for knowing how much larger, so we
        -:   61:   --  just allocate the minimum amount of storage.
        -:   62:
    #####:   63:   function "&" (Left, Right : Vector) return Vector is
        -:   64:   begin
    #####:   65:      return Result : Vector do
    #####:   66:         Reserve_Capacity (Result, Length (Left) + Length (Right));
    #####:   67:         Append (Result, Left);
    #####:   68:         Append (Result, Right);
        -:   69:      end return;
        -:   70:   end "&";
        -:   71:
    #####:   72:   function "&" (Left  : Vector; Right : Element_Type) return Vector is
        -:   73:   begin
    #####:   74:      return Result : Vector do
    #####:   75:         Reserve_Capacity (Result, Length (Left) + 1);
    #####:   76:         Append (Result, Left);
    #####:   77:         Append (Result, Right);
        -:   78:      end return;
        -:   79:   end "&";
        -:   80:
    #####:   81:   function "&" (Left  : Element_Type; Right : Vector) return Vector is
        -:   82:   begin
    #####:   83:      return Result : Vector do
    #####:   84:         Reserve_Capacity (Result, 1 + Length (Right));
    #####:   85:         Append (Result, Left);
    #####:   86:         Append (Result, Right);
        -:   87:      end return;
        -:   88:   end "&";
        -:   89:
    #####:   90:   function "&" (Left, Right : Element_Type) return Vector is
        -:   91:   begin
    #####:   92:      return Result : Vector do
    #####:   93:         Reserve_Capacity (Result, 1 + 1);
    #####:   94:         Append (Result, Left);
    #####:   95:         Append (Result, Right);
        -:   96:      end return;
        -:   97:   end "&";
        -:   98:
        -:   99:   ---------
        -:  100:   -- "=" --
        -:  101:   ---------
        -:  102:
    #####:  103:   overriding function "=" (Left, Right : Vector) return Boolean is
        -:  104:   begin
    #####:  105:      if Left.Last /= Right.Last then
    #####:  106:         return False;
        -:  107:      end if;
        -:  108:
    #####:  109:      if Left.Length = 0 then
    #####:  110:         return True;
        -:  111:      end if;
        -:  112:
    #####:  113:      declare
        -:  114:         --  Per AI05-0022, the container implementation is required to detect
        -:  115:         --  element tampering by a generic actual subprogram.
        -:  116:
    #####:  117:         Lock_Left : With_Lock (Left.TC'Unrestricted_Access);
    #####:  118:         Lock_Right : With_Lock (Right.TC'Unrestricted_Access);
        -:  119:      begin
    #####:  120:         for J in Index_Type range Index_Type'First .. Left.Last loop
    #####:  121:            if Left.Elements.EA (J) = null then
    #####:  122:               if Right.Elements.EA (J) /= null then
    #####:  123:                  return False;
        -:  124:               end if;
        -:  125:
    #####:  126:            elsif Right.Elements.EA (J) = null then
    #####:  127:               return False;
        -:  128:
    #####:  129:            elsif Left.Elements.EA (J).all /= Right.Elements.EA (J).all then
    #####:  130:               return False;
        -:  131:            end if;
    #####:  132:         end loop;
    #####:  133:      end;
        -:  134:
    #####:  135:      return True;
        -:  136:   end "=";
        -:  137:
        -:  138:   ------------
        -:  139:   -- Adjust --
        -:  140:   ------------
        -:  141:
        4:  142:   procedure Adjust (Container : in out Vector) is
        -:  143:   begin
        -:  144:      --  If the counts are nonzero, execution is technically erroneous, but
        -:  145:      --  it seems friendly to allow things like concurrent "=" on shared
        -:  146:      --  constants.
        -:  147:
        4:  148:      Zero_Counts (Container.TC);
        -:  149:
        4:  150:      if Container.Last = No_Index then
        2:  151:         Container.Elements := null;
        2:  152:         return;
        -:  153:      end if;
        -:  154:
        -:  155:      declare
        2:  156:         L : constant Index_Type := Container.Last;
        2:  157:         E : Elements_Array renames
        2:  158:               Container.Elements.EA (Index_Type'First .. L);
        -:  159:
        -:  160:      begin
        2:  161:         Container.Elements := null;
        2:  162:         Container.Last := No_Index;
        -:  163:
        2:  164:         Container.Elements := new Elements_Type (L);
        -:  165:
        2:  166:         for J in E'Range loop
        8:  167:            if E (J) /= null then
        8:  168:               Container.Elements.EA (J) := new Element_Type'(E (J).all);
        -:  169:            end if;
        -:  170:
        8:  171:            Container.Last := J;
        6:  172:         end loop;
        -:  173:      end;
        2:  174:   end Adjust;
        -:  175:
        -:  176:   ------------
        -:  177:   -- Append --
        -:  178:   ------------
        -:  179:
    #####:  180:   procedure Append (Container : in out Vector; New_Item : Vector) is
        -:  181:   begin
    #####:  182:      if Is_Empty (New_Item) then
    #####:  183:         return;
    #####:  184:      elsif Checks and then Container.Last = Index_Type'Last then
    #####:  185:         raise Constraint_Error with "vector is already at its maximum length";
        -:  186:      else
    #####:  187:         Insert (Container, Container.Last + 1, New_Item);
        -:  188:      end if;
    #####:  189:   end Append;
        -:  190:
        4:  191:   procedure Append
        -:  192:     (Container : in out Vector;
        -:  193:      New_Item  : Element_Type;
        -:  194:      Count     : Count_Type := 1)
        -:  195:   is
        -:  196:   begin
        -:  197:      --  In the general case, we pass the buck to Insert, but for efficiency,
        -:  198:      --  we check for the usual case where Count = 1 and the vector has enough
        -:  199:      --  room for at least one more element.
        -:  200:
        4:  201:      if Count = 1
        4:  202:        and then Container.Elements /= null
        3:  203:        and then Container.Last /= Container.Elements.Last
        -:  204:      then
        1:  205:         TC_Check (Container.TC);
        -:  206:
        -:  207:         --  Increment Container.Last after assigning the New_Item, so we
        -:  208:         --  leave the Container unmodified in case Finalize/Adjust raises
        -:  209:         --  an exception.
        -:  210:
        1:  211:         declare
        1:  212:            New_Last : constant Index_Type := Container.Last + 1;
        -:  213:
        -:  214:            --  The element allocator may need an accessibility check in the
        -:  215:            --  case actual type is class-wide or has access discriminants
        -:  216:            --  (see RM 4.8(10.1) and AI12-0035).
        -:  217:
        -:  218:            pragma Unsuppress (Accessibility_Check);
        -:  219:         begin
        2:  220:            Container.Elements.EA (New_Last) := new Element_Type'(New_Item);
        1:  221:            Container.Last := New_Last;
        -:  222:         end;
        -:  223:
        -:  224:      else
        3:  225:         Append_Slow_Path (Container, New_Item, Count);
        -:  226:      end if;
        4:  227:   end Append;
        -:  228:
        -:  229:   ----------------------
        -:  230:   -- Append_Slow_Path --
        -:  231:   ----------------------
        -:  232:
        3:  233:   procedure Append_Slow_Path
        -:  234:     (Container : in out Vector;
        -:  235:      New_Item  : Element_Type;
        -:  236:      Count     : Count_Type)
        -:  237:   is
        -:  238:   begin
        3:  239:      if Count = 0 then
    #####:  240:         return;
        3:  241:      elsif Checks and then Container.Last = Index_Type'Last then
    #####:  242:         raise Constraint_Error with "vector is already at its maximum length";
        -:  243:      else
        3:  244:         Insert (Container, Container.Last + 1, New_Item, Count);
        -:  245:      end if;
        3:  246:   end Append_Slow_Path;
        -:  247:
        -:  248:   ------------
        -:  249:   -- Assign --
        -:  250:   ------------
        -:  251:
    #####:  252:   procedure Assign (Target : in out Vector; Source : Vector) is
        -:  253:   begin
    #####:  254:      if Target'Address = Source'Address then
    #####:  255:         return;
        -:  256:      else
    #####:  257:         Target.Clear;
    #####:  258:         Target.Append (Source);
        -:  259:      end if;
    #####:  260:   end Assign;
        -:  261:
        -:  262:   --------------
        -:  263:   -- Capacity --
        -:  264:   --------------
        -:  265:
    #####:  266:   function Capacity (Container : Vector) return Count_Type is
        -:  267:   begin
    #####:  268:      if Container.Elements = null then
    #####:  269:         return 0;
        -:  270:      else
    #####:  271:         return Container.Elements.EA'Length;
        -:  272:      end if;
        -:  273:   end Capacity;
        -:  274:
        -:  275:   -----------
        -:  276:   -- Clear --
        -:  277:   -----------
        -:  278:
        5:  279:   procedure Clear (Container : in out Vector) is
        -:  280:   begin
        5:  281:      TC_Check (Container.TC);
        -:  282:
       17:  283:      while Container.Last >= Index_Type'First loop
        -:  284:         declare
       12:  285:            X : Element_Access := Container.Elements.EA (Container.Last);
        -:  286:         begin
       12:  287:            Container.Elements.EA (Container.Last) := null;
       12:  288:            Container.Last := Container.Last - 1;
       12:  289:            Free (X);
       12:  290:         end;
       12:  291:      end loop;
        5:  292:   end Clear;
        -:  293:
        -:  294:   ------------------------
        -:  295:   -- Constant_Reference --
        -:  296:   ------------------------
        -:  297:
    #####:  298:   function Constant_Reference
        -:  299:     (Container : aliased Vector;
        -:  300:      Position  : Cursor) return Constant_Reference_Type
        -:  301:   is
        -:  302:   begin
        -:  303:      if Checks then
    #####:  304:         if Position.Container = null then
    #####:  305:            raise Constraint_Error with "Position cursor has no element";
        -:  306:         end if;
        -:  307:
    #####:  308:         if Position.Container /= Container'Unrestricted_Access then
    #####:  309:            raise Program_Error with "Position cursor denotes wrong container";
        -:  310:         end if;
        -:  311:
    #####:  312:         if Position.Index > Position.Container.Last then
    #####:  313:            raise Constraint_Error with "Position cursor is out of range";
        -:  314:         end if;
        -:  315:      end if;
        -:  316:
        -:  317:      declare
    #####:  318:         TC : constant Tamper_Counts_Access :=
        -:  319:           Container.TC'Unrestricted_Access;
        -:  320:      begin
        -:  321:         --  The following will raise Constraint_Error if Element is null
        -:  322:
    #####:  323:         return R : constant Constant_Reference_Type :=
    #####:  324:           (Element => Container.Elements.EA (Position.Index),
    #####:  325:            Control => (Controlled with TC))
        -:  326:         do
    #####:  327:            Lock (TC.all);
        -:  328:         end return;
        -:  329:      end;
        -:  330:   end Constant_Reference;
        -:  331:
    #####:  332:   function Constant_Reference
        -:  333:     (Container : aliased Vector;
        -:  334:      Index     : Index_Type) return Constant_Reference_Type
        -:  335:   is
        -:  336:   begin
    #####:  337:      if Checks and then Index > Container.Last then
    #####:  338:         raise Constraint_Error with "Index is out of range";
        -:  339:      end if;
        -:  340:
        -:  341:      declare
    #####:  342:         TC : constant Tamper_Counts_Access :=
        -:  343:           Container.TC'Unrestricted_Access;
        -:  344:      begin
        -:  345:         --  The following will raise Constraint_Error if Element is null
        -:  346:
    #####:  347:         return R : constant Constant_Reference_Type :=
    #####:  348:           (Element => Container.Elements.EA (Index),
    #####:  349:            Control => (Controlled with TC))
        -:  350:         do
    #####:  351:            Lock (TC.all);
        -:  352:         end return;
        -:  353:      end;
        -:  354:   end Constant_Reference;
        -:  355:
        -:  356:   --------------
        -:  357:   -- Contains --
        -:  358:   --------------
        -:  359:
    #####:  360:   function Contains
        -:  361:     (Container : Vector;
        -:  362:      Item      : Element_Type) return Boolean
        -:  363:   is
        -:  364:   begin
    #####:  365:      return Find_Index (Container, Item) /= No_Index;
        -:  366:   end Contains;
        -:  367:
        -:  368:   ----------
        -:  369:   -- Copy --
        -:  370:   ----------
        -:  371:
    #####:  372:   function Copy
        -:  373:     (Source   : Vector;
        -:  374:      Capacity : Count_Type := 0) return Vector
        -:  375:   is
        -:  376:      C : Count_Type;
        -:  377:
        -:  378:   begin
    #####:  379:      if Capacity < Source.Length then
    #####:  380:         if Checks and then Capacity /= 0 then
    #####:  381:            raise Capacity_Error
        -:  382:              with "Requested capacity is less than Source length";
        -:  383:         end if;
        -:  384:
    #####:  385:         C := Source.Length;
        -:  386:      else
    #####:  387:         C := Capacity;
        -:  388:      end if;
        -:  389:
    #####:  390:      return Target : Vector do
    #####:  391:         Target.Reserve_Capacity (C);
    #####:  392:         Target.Assign (Source);
        -:  393:      end return;
        -:  394:   end Copy;
        -:  395:
        -:  396:   ------------
        -:  397:   -- Delete --
        -:  398:   ------------
        -:  399:
    #####:  400:   procedure Delete
        -:  401:     (Container : in out Vector;
        -:  402:      Index     : Extended_Index;
        -:  403:      Count     : Count_Type := 1)
        -:  404:   is
    #####:  405:      Old_Last : constant Index_Type'Base := Container.Last;
        -:  406:      New_Last : Index_Type'Base;
        -:  407:      Count2   : Count_Type'Base;  -- count of items from Index to Old_Last
        -:  408:      J        : Index_Type'Base;  -- first index of items that slide down
        -:  409:
        -:  410:   begin
        -:  411:      --  Delete removes items from the vector, the number of which is the
        -:  412:      --  minimum of the specified Count and the items (if any) that exist from
        -:  413:      --  Index to Container.Last. There are no constraints on the specified
        -:  414:      --  value of Count (it can be larger than what's available at this
        -:  415:      --  position in the vector, for example), but there are constraints on
        -:  416:      --  the allowed values of the Index.
        -:  417:
        -:  418:      --  As a precondition on the generic actual Index_Type, the base type
        -:  419:      --  must include Index_Type'Pred (Index_Type'First); this is the value
        -:  420:      --  that Container.Last assumes when the vector is empty. However, we do
        -:  421:      --  not allow that as the value for Index when specifying which items
        -:  422:      --  should be deleted, so we must manually check. (That the user is
        -:  423:      --  allowed to specify the value at all here is a consequence of the
        -:  424:      --  declaration of the Extended_Index subtype, which includes the values
        -:  425:      --  in the base range that immediately precede and immediately follow the
        -:  426:      --  values in the Index_Type.)
        -:  427:
    #####:  428:      if Checks and then Index < Index_Type'First then
    #####:  429:         raise Constraint_Error with "Index is out of range (too small)";
        -:  430:      end if;
        -:  431:
        -:  432:      --  We do allow a value greater than Container.Last to be specified as
        -:  433:      --  the Index, but only if it's immediately greater. This allows the
        -:  434:      --  corner case of deleting no items from the back end of the vector to
        -:  435:      --  be treated as a no-op. (It is assumed that specifying an index value
        -:  436:      --  greater than Last + 1 indicates some deeper flaw in the caller's
        -:  437:      --  algorithm, so that case is treated as a proper error.)
        -:  438:
    #####:  439:      if Index > Old_Last then
    #####:  440:         if Checks and then Index > Old_Last + 1 then
    #####:  441:            raise Constraint_Error with "Index is out of range (too large)";
        -:  442:         else
    #####:  443:            return;
        -:  444:         end if;
        -:  445:      end if;
        -:  446:
        -:  447:      --  Here and elsewhere we treat deleting 0 items from the container as a
        -:  448:      --  no-op, even when the container is busy, so we simply return.
        -:  449:
    #####:  450:      if Count = 0 then
    #####:  451:         return;
        -:  452:      end if;
        -:  453:
        -:  454:      --  The internal elements array isn't guaranteed to exist unless we have
        -:  455:      --  elements, so we handle that case here in order to avoid having to
        -:  456:      --  check it later. (Note that an empty vector can never be busy, so
        -:  457:      --  there's no semantic harm in returning early.)
        -:  458:
    #####:  459:      if Container.Is_Empty then
    #####:  460:         return;
        -:  461:      end if;
        -:  462:
        -:  463:      --  The tampering bits exist to prevent an item from being deleted (or
        -:  464:      --  otherwise harmfully manipulated) while it is being visited. Query,
        -:  465:      --  Update, and Iterate increment the busy count on entry, and decrement
        -:  466:      --  the count on exit. Delete checks the count to determine whether it is
        -:  467:      --  being called while the associated callback procedure is executing.
        -:  468:
    #####:  469:      TC_Check (Container.TC);
        -:  470:
        -:  471:      --  We first calculate what's available for deletion starting at
        -:  472:      --  Index. Here and elsewhere we use the wider of Index_Type'Base and
        -:  473:      --  Count_Type'Base as the type for intermediate values. (See function
        -:  474:      --  Length for more information.)
        -:  475:
        -:  476:      if Count_Type'Base'Last >= Index_Type'Pos (Index_Type'Base'Last) then
    #####:  477:         Count2 := Count_Type'Base (Old_Last) - Count_Type'Base (Index) + 1;
        -:  478:      else
        -:  479:         Count2 := Count_Type'Base (Old_Last - Index + 1);
        -:  480:      end if;
        -:  481:
        -:  482:      --  If the number of elements requested (Count) for deletion is equal to
        -:  483:      --  (or greater than) the number of elements available (Count2) for
        -:  484:      --  deletion beginning at Index, then everything from Index to
        -:  485:      --  Container.Last is deleted (this is equivalent to Delete_Last).
        -:  486:
    #####:  487:      if Count >= Count2 then
        -:  488:         --  Elements in an indefinite vector are allocated, so we must iterate
        -:  489:         --  over the loop and deallocate elements one-at-a-time. We work from
        -:  490:         --  back to front, deleting the last element during each pass, in
        -:  491:         --  order to gracefully handle deallocation failures.
        -:  492:
        -:  493:         declare
    #####:  494:            EA : Elements_Array renames Container.Elements.EA;
        -:  495:
        -:  496:         begin
    #####:  497:            while Container.Last >= Index loop
        -:  498:               declare
    #####:  499:                  K : constant Index_Type := Container.Last;
    #####:  500:                  X : Element_Access := EA (K);
        -:  501:
        -:  502:               begin
        -:  503:                  --  We first isolate the element we're deleting, removing it
        -:  504:                  --  from the vector before we attempt to deallocate it, in
        -:  505:                  --  case the deallocation fails.
        -:  506:
    #####:  507:                  EA (K) := null;
    #####:  508:                  Container.Last := K - 1;
        -:  509:
        -:  510:                  --  Container invariants have been restored, so it is now
        -:  511:                  --  safe to attempt to deallocate the element.
        -:  512:
    #####:  513:                  Free (X);
    #####:  514:               end;
    #####:  515:            end loop;
        -:  516:         end;
        -:  517:
    #####:  518:         return;
        -:  519:      end if;
        -:  520:
        -:  521:      --  There are some elements that aren't being deleted (the requested
        -:  522:      --  count was less than the available count), so we must slide them down
        -:  523:      --  to Index. We first calculate the index values of the respective array
        -:  524:      --  slices, using the wider of Index_Type'Base and Count_Type'Base as the
        -:  525:      --  type for intermediate calculations. For the elements that slide down,
        -:  526:      --  index value New_Last is the last index value of their new home, and
        -:  527:      --  index value J is the first index of their old home.
        -:  528:
        -:  529:      if Index_Type'Base'Last >= Count_Type_Last then
    #####:  530:         New_Last := Old_Last - Index_Type'Base (Count);
    #####:  531:         J := Index + Index_Type'Base (Count);
        -:  532:      else
        -:  533:         New_Last := Index_Type'Base (Count_Type'Base (Old_Last) - Count);
        -:  534:         J := Index_Type'Base (Count_Type'Base (Index) + Count);
        -:  535:      end if;
        -:  536:
        -:  537:      --  The internal elements array isn't guaranteed to exist unless we have
        -:  538:      --  elements, but we have that guarantee here because we know we have
        -:  539:      --  elements to slide.  The array index values for each slice have
        -:  540:      --  already been determined, so what remains to be done is to first
        -:  541:      --  deallocate the elements that are being deleted, and then slide down
        -:  542:      --  to Index the elements that aren't being deleted.
        -:  543:
        -:  544:      declare
    #####:  545:         EA : Elements_Array renames Container.Elements.EA;
        -:  546:
        -:  547:      begin
        -:  548:         --  Before we can slide down the elements that aren't being deleted,
        -:  549:         --  we need to deallocate the elements that are being deleted.
        -:  550:
    #####:  551:         for K in Index .. J - 1 loop
        -:  552:            declare
    #####:  553:               X : Element_Access := EA (K);
        -:  554:
        -:  555:            begin
        -:  556:               --  First we remove the element we're about to deallocate from
        -:  557:               --  the vector, in case the deallocation fails, in order to
        -:  558:               --  preserve representation invariants.
        -:  559:
    #####:  560:               EA (K) := null;
        -:  561:
        -:  562:               --  The element has been removed from the vector, so it is now
        -:  563:               --  safe to attempt to deallocate it.
        -:  564:
    #####:  565:               Free (X);
    #####:  566:            end;
    #####:  567:         end loop;
        -:  568:
    #####:  569:         EA (Index .. New_Last) := EA (J .. Old_Last);
    #####:  570:         Container.Last := New_Last;
        -:  571:      end;
    #####:  572:   end Delete;
        -:  573:
    #####:  574:   procedure Delete
        -:  575:     (Container : in out Vector;
        -:  576:      Position  : in out Cursor;
        -:  577:      Count     : Count_Type := 1)
        -:  578:   is
        -:  579:   begin
        -:  580:      if Checks then
    #####:  581:         if Position.Container = null then
    #####:  582:            raise Constraint_Error with "Position cursor has no element";
        -:  583:
    #####:  584:         elsif Position.Container /= Container'Unrestricted_Access then
    #####:  585:            raise Program_Error with "Position cursor denotes wrong container";
        -:  586:
    #####:  587:         elsif Position.Index > Container.Last then
    #####:  588:            raise Program_Error with "Position index is out of range";
        -:  589:         end if;
        -:  590:      end if;
        -:  591:
    #####:  592:      Delete (Container, Position.Index, Count);
    #####:  593:      Position := No_Element;
    #####:  594:   end Delete;
        -:  595:
        -:  596:   ------------------
        -:  597:   -- Delete_First --
        -:  598:   ------------------
        -:  599:
    #####:  600:   procedure Delete_First
        -:  601:     (Container : in out Vector;
        -:  602:      Count     : Count_Type := 1)
        -:  603:   is
        -:  604:   begin
    #####:  605:      if Count = 0 then
    #####:  606:         return;
        -:  607:
    #####:  608:      elsif Count >= Length (Container) then
    #####:  609:         Clear (Container);
    #####:  610:         return;
        -:  611:
        -:  612:      else
    #####:  613:         Delete (Container, Index_Type'First, Count);
        -:  614:      end if;
    #####:  615:   end Delete_First;
        -:  616:
        -:  617:   -----------------
        -:  618:   -- Delete_Last --
        -:  619:   -----------------
        -:  620:
    #####:  621:   procedure Delete_Last
        -:  622:     (Container : in out Vector;
        -:  623:      Count     : Count_Type := 1)
        -:  624:   is
        -:  625:   begin
        -:  626:      --  It is not permitted to delete items while the container is busy (for
        -:  627:      --  example, we're in the middle of a passive iteration). However, we
        -:  628:      --  always treat deleting 0 items as a no-op, even when we're busy, so we
        -:  629:      --  simply return without checking.
        -:  630:
    #####:  631:      if Count = 0 then
    #####:  632:         return;
        -:  633:      end if;
        -:  634:
        -:  635:      --  We cannot simply subsume the empty case into the loop below (the loop
        -:  636:      --  would iterate 0 times), because we rename the internal array object
        -:  637:      --  (which is allocated), but an empty vector isn't guaranteed to have
        -:  638:      --  actually allocated an array. (Note that an empty vector can never be
        -:  639:      --  busy, so there's no semantic harm in returning early here.)
        -:  640:
    #####:  641:      if Container.Is_Empty then
    #####:  642:         return;
        -:  643:      end if;
        -:  644:
        -:  645:      --  The tampering bits exist to prevent an item from being deleted (or
        -:  646:      --  otherwise harmfully manipulated) while it is being visited. Query,
        -:  647:      --  Update, and Iterate increment the busy count on entry, and decrement
        -:  648:      --  the count on exit. Delete_Last checks the count to determine whether
        -:  649:      --  it is being called while the associated callback procedure is
        -:  650:      --  executing.
        -:  651:
    #####:  652:      TC_Check (Container.TC);
        -:  653:
        -:  654:      --  Elements in an indefinite vector are allocated, so we must iterate
        -:  655:      --  over the loop and deallocate elements one-at-a-time. We work from
        -:  656:      --  back to front, deleting the last element during each pass, in order
        -:  657:      --  to gracefully handle deallocation failures.
        -:  658:
        -:  659:      declare
    #####:  660:         E : Elements_Array renames Container.Elements.EA;
        -:  661:
        -:  662:      begin
    #####:  663:         for Indx in 1 .. Count_Type'Min (Count, Container.Length) loop
        -:  664:            declare
    #####:  665:               J : constant Index_Type := Container.Last;
    #####:  666:               X : Element_Access := E (J);
        -:  667:
        -:  668:            begin
        -:  669:               --  Note that we first isolate the element we're deleting,
        -:  670:               --  removing it from the vector, before we actually deallocate
        -:  671:               --  it, in order to preserve representation invariants even if
        -:  672:               --  the deallocation fails.
        -:  673:
    #####:  674:               E (J) := null;
    #####:  675:               Container.Last := J - 1;
        -:  676:
        -:  677:               --  Container invariants have been restored, so it is now safe
        -:  678:               --  to deallocate the element.
        -:  679:
    #####:  680:               Free (X);
    #####:  681:            end;
    #####:  682:         end loop;
        -:  683:      end;
    #####:  684:   end Delete_Last;
        -:  685:
        -:  686:   -------------
        -:  687:   -- Element --
        -:  688:   -------------
        -:  689:
    #####:  690:   function Element
        -:  691:     (Container : Vector;
        -:  692:      Index     : Index_Type) return Element_Type
        -:  693:   is
        -:  694:   begin
    #####:  695:      if Checks and then Index > Container.Last then
    #####:  696:         raise Constraint_Error with "Index is out of range";
        -:  697:      end if;
        -:  698:
        -:  699:      declare
    #####:  700:         EA : constant Element_Access := Container.Elements.EA (Index);
        -:  701:      begin
    #####:  702:         if Checks and then EA = null then
    #####:  703:            raise Constraint_Error with "element is empty";
        -:  704:         else
    #####:  705:            return EA.all;
        -:  706:         end if;
    #####:  707:      end;
        -:  708:   end Element;
        -:  709:
    #####:  710:   function Element (Position : Cursor) return Element_Type is
        -:  711:   begin
        -:  712:      if Checks then
    #####:  713:         if Position.Container = null then
    #####:  714:            raise Constraint_Error with "Position cursor has no element";
        -:  715:         end if;
        -:  716:
    #####:  717:         if Position.Index > Position.Container.Last then
    #####:  718:            raise Constraint_Error with "Position cursor is out of range";
        -:  719:         end if;
        -:  720:      end if;
        -:  721:
        -:  722:      declare
    #####:  723:         EA : constant Element_Access :=
    #####:  724:                Position.Container.Elements.EA (Position.Index);
        -:  725:      begin
    #####:  726:         if Checks and then EA = null then
    #####:  727:            raise Constraint_Error with "element is empty";
        -:  728:         else
    #####:  729:            return EA.all;
        -:  730:         end if;
    #####:  731:      end;
        -:  732:   end Element;
        -:  733:
        -:  734:   --------------
        -:  735:   -- Finalize --
        -:  736:   --------------
        -:  737:
        5:  738:   procedure Finalize (Container : in out Vector) is
        -:  739:   begin
        5:  740:      Clear (Container);  --  Checks busy-bit
        -:  741:
        -:  742:      declare
        5:  743:         X : Elements_Access := Container.Elements;
        -:  744:      begin
        5:  745:         Container.Elements := null;
        5:  746:         Free (X);
        -:  747:      end;
        5:  748:   end Finalize;
        -:  749:
        1:  750:   procedure Finalize (Object : in out Iterator) is
        -:  751:   begin
        1:  752:      Unbusy (Object.Container.TC);
        1:  753:   end Finalize;
        -:  754:
        -:  755:   ----------
        -:  756:   -- Find --
        -:  757:   ----------
        -:  758:
    #####:  759:   function Find
        -:  760:     (Container : Vector;
        -:  761:      Item      : Element_Type;
        -:  762:      Position  : Cursor := No_Element) return Cursor
        -:  763:   is
        -:  764:   begin
    #####:  765:      if Checks and then Position.Container /= null then
    #####:  766:         if Position.Container /= Container'Unrestricted_Access then
    #####:  767:            raise Program_Error with "Position cursor denotes wrong container";
        -:  768:         end if;
        -:  769:
    #####:  770:         if Position.Index > Container.Last then
    #####:  771:            raise Program_Error with "Position index is out of range";
        -:  772:         end if;
        -:  773:      end if;
        -:  774:
        -:  775:      --  Per AI05-0022, the container implementation is required to detect
        -:  776:      --  element tampering by a generic actual subprogram.
        -:  777:
    #####:  778:      declare
    #####:  779:         Lock : With_Lock (Container.TC'Unrestricted_Access);
        -:  780:      begin
    #####:  781:         for J in Position.Index .. Container.Last loop
    #####:  782:            if Container.Elements.EA (J).all = Item then
    #####:  783:               return Cursor'(Container'Unrestricted_Access, J);
        -:  784:            end if;
    #####:  785:         end loop;
        -:  786:
    #####:  787:         return No_Element;
    #####:  788:      end;
        -:  789:   end Find;
        -:  790:
        -:  791:   ----------------
        -:  792:   -- Find_Index --
        -:  793:   ----------------
        -:  794:
    #####:  795:   function Find_Index
        -:  796:     (Container : Vector;
        -:  797:      Item      : Element_Type;
        -:  798:      Index     : Index_Type := Index_Type'First) return Extended_Index
        -:  799:   is
        -:  800:      --  Per AI05-0022, the container implementation is required to detect
        -:  801:      --  element tampering by a generic actual subprogram.
        -:  802:
    #####:  803:      Lock : With_Lock (Container.TC'Unrestricted_Access);
        -:  804:   begin
    #####:  805:      for Indx in Index .. Container.Last loop
    #####:  806:         if Container.Elements.EA (Indx).all = Item then
    #####:  807:            return Indx;
        -:  808:         end if;
    #####:  809:      end loop;
        -:  810:
    #####:  811:      return No_Index;
    #####:  812:   end Find_Index;
        -:  813:
        -:  814:   -----------
        -:  815:   -- First --
        -:  816:   -----------
        -:  817:
        1:  818:   function First (Container : Vector) return Cursor is
        -:  819:   begin
        1:  820:      if Is_Empty (Container) then
    #####:  821:         return No_Element;
        -:  822:      end if;
        -:  823:
        1:  824:      return (Container'Unrestricted_Access, Index_Type'First);
        -:  825:   end First;
        -:  826:
        1:  827:   function First (Object : Iterator) return Cursor is
        -:  828:   begin
        -:  829:      --  The value of the iterator object's Index component influences the
        -:  830:      --  behavior of the First (and Last) selector function.
        -:  831:
        -:  832:      --  When the Index component is No_Index, this means the iterator
        -:  833:      --  object was constructed without a start expression, in which case the
        -:  834:      --  (forward) iteration starts from the (logical) beginning of the entire
        -:  835:      --  sequence of items (corresponding to Container.First, for a forward
        -:  836:      --  iterator).
        -:  837:
        -:  838:      --  Otherwise, this is iteration over a partial sequence of items.
        -:  839:      --  When the Index component isn't No_Index, the iterator object was
        -:  840:      --  constructed with a start expression, that specifies the position
        -:  841:      --  from which the (forward) partial iteration begins.
        -:  842:
        1:  843:      if Object.Index = No_Index then
        1:  844:         return First (Object.Container.all);
        -:  845:      else
    #####:  846:         return Cursor'(Object.Container, Object.Index);
        -:  847:      end if;
        -:  848:   end First;
        -:  849:
        -:  850:   -------------------
        -:  851:   -- First_Element --
        -:  852:   -------------------
        -:  853:
    #####:  854:   function First_Element (Container : Vector) return Element_Type is
        -:  855:   begin
    #####:  856:      if Checks and then Container.Last = No_Index then
    #####:  857:         raise Constraint_Error with "Container is empty";
        -:  858:      end if;
        -:  859:
        -:  860:      declare
    #####:  861:         EA : constant Element_Access :=
    #####:  862:                Container.Elements.EA (Index_Type'First);
        -:  863:      begin
    #####:  864:         if Checks and then EA = null then
    #####:  865:            raise Constraint_Error with "first element is empty";
        -:  866:         else
    #####:  867:            return EA.all;
        -:  868:         end if;
    #####:  869:      end;
        -:  870:   end First_Element;
        -:  871:
        -:  872:   -----------------
        -:  873:   -- First_Index --
        -:  874:   -----------------
        -:  875:
    #####:  876:   function First_Index (Container : Vector) return Index_Type is
        -:  877:      pragma Unreferenced (Container);
        -:  878:   begin
    #####:  879:      return Index_Type'First;
        -:  880:   end First_Index;
        -:  881:
        -:  882:   ---------------------
        -:  883:   -- Generic_Sorting --
        -:  884:   ---------------------
        -:  885:
        -:  886:   package body Generic_Sorting is
        -:  887:
        -:  888:      -----------------------
        -:  889:      -- Local Subprograms --
        -:  890:      -----------------------
        -:  891:
        -:  892:      function Is_Less (L, R : Element_Access) return Boolean;
        -:  893:      pragma Inline (Is_Less);
        -:  894:
        -:  895:      -------------
        -:  896:      -- Is_Less --
        -:  897:      -------------
        -:  898:
        -:  899:      function Is_Less (L, R : Element_Access) return Boolean is
        -:  900:      begin
        -:  901:         if L = null then
        -:  902:            return R /= null;
        -:  903:         elsif R = null then
        -:  904:            return False;
        -:  905:         else
        -:  906:            return L.all < R.all;
        -:  907:         end if;
        -:  908:      end Is_Less;
        -:  909:
        -:  910:      ---------------
        -:  911:      -- Is_Sorted --
        -:  912:      ---------------
        -:  913:
        -:  914:      function Is_Sorted (Container : Vector) return Boolean is
        -:  915:      begin
        -:  916:         if Container.Last <= Index_Type'First then
        -:  917:            return True;
        -:  918:         end if;
        -:  919:
        -:  920:         --  Per AI05-0022, the container implementation is required to detect
        -:  921:         --  element tampering by a generic actual subprogram.
        -:  922:
        -:  923:         declare
        -:  924:            Lock : With_Lock (Container.TC'Unrestricted_Access);
        -:  925:            E : Elements_Array renames Container.Elements.EA;
        -:  926:         begin
        -:  927:            for J in Index_Type'First .. Container.Last - 1 loop
        -:  928:               if Is_Less (E (J + 1), E (J)) then
        -:  929:                  return False;
        -:  930:               end if;
        -:  931:            end loop;
        -:  932:
        -:  933:            return True;
        -:  934:         end;
        -:  935:      end Is_Sorted;
        -:  936:
        -:  937:      -----------
        -:  938:      -- Merge --
        -:  939:      -----------
        -:  940:
        -:  941:      procedure Merge (Target, Source : in out Vector) is
        -:  942:         I, J : Index_Type'Base;
        -:  943:
        -:  944:      begin
        -:  945:         --  The semantics of Merge changed slightly per AI05-0021. It was
        -:  946:         --  originally the case that if Target and Source denoted the same
        -:  947:         --  container object, then the GNAT implementation of Merge did
        -:  948:         --  nothing. However, it was argued that RM05 did not precisely
        -:  949:         --  specify the semantics for this corner case. The decision of the
        -:  950:         --  ARG was that if Target and Source denote the same non-empty
        -:  951:         --  container object, then Program_Error is raised.
        -:  952:
        -:  953:         if Source.Last < Index_Type'First then  -- Source is empty
        -:  954:            return;
        -:  955:         end if;
        -:  956:
        -:  957:         if Checks and then Target'Address = Source'Address then
        -:  958:            raise Program_Error with
        -:  959:              "Target and Source denote same non-empty container";
        -:  960:         end if;
        -:  961:
        -:  962:         if Target.Last < Index_Type'First then  -- Target is empty
        -:  963:            Move (Target => Target, Source => Source);
        -:  964:            return;
        -:  965:         end if;
        -:  966:
        -:  967:         TC_Check (Source.TC);
        -:  968:
        -:  969:         I := Target.Last;  -- original value (before Set_Length)
        -:  970:         Target.Set_Length (Length (Target) + Length (Source));
        -:  971:
        -:  972:         --  Per AI05-0022, the container implementation is required to detect
        -:  973:         --  element tampering by a generic actual subprogram.
        -:  974:
        -:  975:         declare
        -:  976:            TA : Elements_Array renames Target.Elements.EA;
        -:  977:            SA : Elements_Array renames Source.Elements.EA;
        -:  978:
        -:  979:            Lock_Target : With_Lock (Target.TC'Unchecked_Access);
        -:  980:            Lock_Source : With_Lock (Source.TC'Unchecked_Access);
        -:  981:         begin
        -:  982:            J := Target.Last;  -- new value (after Set_Length)
        -:  983:            while Source.Last >= Index_Type'First loop
        -:  984:               pragma Assert
        -:  985:                 (Source.Last <= Index_Type'First
        -:  986:                   or else not (Is_Less (SA (Source.Last),
        -:  987:                                         SA (Source.Last - 1))));
        -:  988:
        -:  989:               if I < Index_Type'First then
        -:  990:                  declare
        -:  991:                     Src : Elements_Array renames
        -:  992:                             SA (Index_Type'First .. Source.Last);
        -:  993:                  begin
        -:  994:                     TA (Index_Type'First .. J) := Src;
        -:  995:                     Src := (others => null);
        -:  996:                  end;
        -:  997:
        -:  998:                  Source.Last := No_Index;
        -:  999:                  exit;
        -: 1000:               end if;
        -: 1001:
        -: 1002:               pragma Assert
        -: 1003:                 (I <= Index_Type'First
        -: 1004:                    or else not (Is_Less (TA (I), TA (I - 1))));
        -: 1005:
        -: 1006:               declare
        -: 1007:                  Src : Element_Access renames SA (Source.Last);
        -: 1008:                  Tgt : Element_Access renames TA (I);
        -: 1009:
        -: 1010:               begin
        -: 1011:                  if Is_Less (Src, Tgt) then
        -: 1012:                     Target.Elements.EA (J) := Tgt;
        -: 1013:                     Tgt := null;
        -: 1014:                     I := I - 1;
        -: 1015:
        -: 1016:                  else
        -: 1017:                     Target.Elements.EA (J) := Src;
        -: 1018:                     Src := null;
        -: 1019:                     Source.Last := Source.Last - 1;
        -: 1020:                  end if;
        -: 1021:               end;
        -: 1022:
        -: 1023:               J := J - 1;
        -: 1024:            end loop;
        -: 1025:         end;
        -: 1026:      end Merge;
        -: 1027:
        -: 1028:      ----------
        -: 1029:      -- Sort --
        -: 1030:      ----------
        -: 1031:
        -: 1032:      procedure Sort (Container : in out Vector) is
        -: 1033:         procedure Sort is new Generic_Array_Sort
        -: 1034:           (Index_Type   => Index_Type,
        -: 1035:            Element_Type => Element_Access,
        -: 1036:            Array_Type   => Elements_Array,
        -: 1037:            "<"          => Is_Less);
        -: 1038:
        -: 1039:      --  Start of processing for Sort
        -: 1040:
        -: 1041:      begin
        -: 1042:         if Container.Last <= Index_Type'First then
        -: 1043:            return;
        -: 1044:         end if;
        -: 1045:
        -: 1046:         --  The exception behavior for the vector container must match that
        -: 1047:         --  for the list container, so we check for cursor tampering here
        -: 1048:         --  (which will catch more things) instead of for element tampering
        -: 1049:         --  (which will catch fewer things). It's true that the elements of
        -: 1050:         --  this vector container could be safely moved around while (say) an
        -: 1051:         --  iteration is taking place (iteration only increments the busy
        -: 1052:         --  counter), and so technically all we would need here is a test for
        -: 1053:         --  element tampering (indicated by the lock counter), that's simply
        -: 1054:         --  an artifact of our array-based implementation. Logically Sort
        -: 1055:         --  requires a check for cursor tampering.
        -: 1056:
        -: 1057:         TC_Check (Container.TC);
        -: 1058:
        -: 1059:         --  Per AI05-0022, the container implementation is required to detect
        -: 1060:         --  element tampering by a generic actual subprogram.
        -: 1061:
        -: 1062:         declare
        -: 1063:            Lock : With_Lock (Container.TC'Unchecked_Access);
        -: 1064:         begin
        -: 1065:            Sort (Container.Elements.EA (Index_Type'First .. Container.Last));
        -: 1066:         end;
        -: 1067:      end Sort;
        -: 1068:
        -: 1069:   end Generic_Sorting;
        -: 1070:
        -: 1071:   ------------------------
        -: 1072:   -- Get_Element_Access --
        -: 1073:   ------------------------
        -: 1074:
        4: 1075:   function Get_Element_Access
        -: 1076:     (Position : Cursor) return not null Element_Access
        -: 1077:   is
        4: 1078:      Ptr : constant Element_Access :=
        4: 1079:              Position.Container.Elements.EA (Position.Index);
        -: 1080:
        -: 1081:   begin
        -: 1082:      --  An indefinite vector may contain spaces that hold no elements.
        -: 1083:      --  Any iteration over an indefinite vector with spaces will raise
        -: 1084:      --  Constraint_Error.
        -: 1085:
        4: 1086:      if Ptr = null then
    #####: 1087:         raise Constraint_Error;
        -: 1088:
        -: 1089:      else
        4: 1090:         return Ptr;
        -: 1091:      end if;
        4: 1092:   end Get_Element_Access;
        -: 1093:
        -: 1094:   -----------------
        -: 1095:   -- Has_Element --
        -: 1096:   -----------------
        -: 1097:
        5: 1098:   function Has_Element (Position : Cursor) return Boolean is
        -: 1099:   begin
        5: 1100:      if Position.Container = null then
        1: 1101:         return False;
        -: 1102:      else
        4: 1103:         return Position.Index <= Position.Container.Last;
        -: 1104:      end if;
        -: 1105:   end Has_Element;
        -: 1106:
        -: 1107:   ------------
        -: 1108:   -- Insert --
        -: 1109:   ------------
        -: 1110:
        3: 1111:   procedure Insert
        -: 1112:     (Container : in out Vector;
        -: 1113:      Before    : Extended_Index;
        -: 1114:      New_Item  : Element_Type;
        -: 1115:      Count     : Count_Type := 1)
        -: 1116:   is
        3: 1117:      Old_Length : constant Count_Type := Container.Length;
        -: 1118:
        -: 1119:      Max_Length : Count_Type'Base;  -- determined from range of Index_Type
        -: 1120:      New_Length : Count_Type'Base;  -- sum of current length and Count
        -: 1121:      New_Last   : Index_Type'Base;  -- last index of vector after insertion
        -: 1122:
        -: 1123:      Index : Index_Type'Base;  -- scratch for intermediate values
        -: 1124:      J     : Count_Type'Base;  -- scratch
        -: 1125:
        -: 1126:      New_Capacity : Count_Type'Base;  -- length of new, expanded array
        -: 1127:      Dst_Last     : Index_Type'Base;  -- last index of new, expanded array
        3: 1128:      Dst          : Elements_Access;  -- new, expanded internal array
        -: 1129:
        -: 1130:   begin
        -: 1131:      if Checks then
        -: 1132:         --  As a precondition on the generic actual Index_Type, the base type
        -: 1133:         --  must include Index_Type'Pred (Index_Type'First); this is the value
        -: 1134:         --  that Container.Last assumes when the vector is empty. However, we
        -: 1135:         --  do not allow that as the value for Index when specifying where the
        -: 1136:         --  new items should be inserted, so we must manually check. (That the
        -: 1137:         --  user is allowed to specify the value at all here is a consequence
        -: 1138:         --  of the declaration of the Extended_Index subtype, which includes
        -: 1139:         --  the values in the base range that immediately precede and
        -: 1140:         --  immediately follow the values in the Index_Type.)
        -: 1141:
        3: 1142:         if Before < Index_Type'First then
    #####: 1143:            raise Constraint_Error with
        -: 1144:              "Before index is out of range (too small)";
        -: 1145:         end if;
        -: 1146:
        -: 1147:         --  We do allow a value greater than Container.Last to be specified as
        -: 1148:         --  the Index, but only if it's immediately greater. This allows for
        -: 1149:         --  the case of appending items to the back end of the vector. (It is
        -: 1150:         --  assumed that specifying an index value greater than Last + 1
        -: 1151:         --  indicates some deeper flaw in the caller's algorithm, so that case
        -: 1152:         --  is treated as a proper error.)
        -: 1153:
        3: 1154:         if Before > Container.Last + 1 then
    #####: 1155:            raise Constraint_Error with
        -: 1156:              "Before index is out of range (too large)";
        -: 1157:         end if;
        -: 1158:      end if;
        -: 1159:
        -: 1160:      --  We treat inserting 0 items into the container as a no-op, even when
        -: 1161:      --  the container is busy, so we simply return.
        -: 1162:
        3: 1163:      if Count = 0 then
    #####: 1164:         return;
        -: 1165:      end if;
        -: 1166:
        -: 1167:      --  There are two constraints we need to satisfy. The first constraint is
        -: 1168:      --  that a container cannot have more than Count_Type'Last elements, so
        -: 1169:      --  we must check the sum of the current length and the insertion count.
        -: 1170:      --  Note: we cannot simply add these values, because of the possibility
        -: 1171:      --  of overflow.
        -: 1172:
        3: 1173:      if Checks and then Old_Length > Count_Type'Last - Count then
    #####: 1174:         raise Constraint_Error with "Count is out of range";
        -: 1175:      end if;
        -: 1176:
        -: 1177:      --  It is now safe compute the length of the new vector, without fear of
        -: 1178:      --  overflow.
        -: 1179:
        3: 1180:      New_Length := Old_Length + Count;
        -: 1181:
        -: 1182:      --  The second constraint is that the new Last index value cannot exceed
        -: 1183:      --  Index_Type'Last. In each branch below, we calculate the maximum
        -: 1184:      --  length (computed from the range of values in Index_Type), and then
        -: 1185:      --  compare the new length to the maximum length. If the new length is
        -: 1186:      --  acceptable, then we compute the new last index from that.
        -: 1187:
        -: 1188:      if Index_Type'Base'Last >= Count_Type_Last then
        -: 1189:
        -: 1190:         --  We have to handle the case when there might be more values in the
        -: 1191:         --  range of Index_Type than in the range of Count_Type.
        -: 1192:
        -: 1193:         if Index_Type'First <= 0 then
        -: 1194:
        -: 1195:            --  We know that No_Index (the same as Index_Type'First - 1) is
        -: 1196:            --  less than 0, so it is safe to compute the following sum without
        -: 1197:            --  fear of overflow.
        -: 1198:
        -: 1199:            Index := No_Index + Index_Type'Base (Count_Type'Last);
        -: 1200:
        -: 1201:            if Index <= Index_Type'Last then
        -: 1202:
        -: 1203:               --  We have determined that range of Index_Type has at least as
        -: 1204:               --  many values as in Count_Type, so Count_Type'Last is the
        -: 1205:               --  maximum number of items that are allowed.
        -: 1206:
        -: 1207:               Max_Length := Count_Type'Last;
        -: 1208:
        -: 1209:            else
        -: 1210:               --  The range of Index_Type has fewer values than in Count_Type,
        -: 1211:               --  so the maximum number of items is computed from the range of
        -: 1212:               --  the Index_Type.
        -: 1213:
        -: 1214:               Max_Length := Count_Type'Base (Index_Type'Last - No_Index);
        -: 1215:            end if;
        -: 1216:
        -: 1217:         else
        -: 1218:            --  No_Index is equal or greater than 0, so we can safely compute
        -: 1219:            --  the difference without fear of overflow (which we would have to
        -: 1220:            --  worry about if No_Index were less than 0, but that case is
        -: 1221:            --  handled above).
        -: 1222:
        -: 1223:            if Index_Type'Last - No_Index >= Count_Type_Last then
        -: 1224:               --  We have determined that range of Index_Type has at least as
        -: 1225:               --  many values as in Count_Type, so Count_Type'Last is the
        -: 1226:               --  maximum number of items that are allowed.
        -: 1227:
        3: 1228:               Max_Length := Count_Type'Last;
        -: 1229:
        -: 1230:            else
        -: 1231:               --  The range of Index_Type has fewer values than in Count_Type,
        -: 1232:               --  so the maximum number of items is computed from the range of
        -: 1233:               --  the Index_Type.
        -: 1234:
        -: 1235:               Max_Length := Count_Type'Base (Index_Type'Last - No_Index);
        -: 1236:            end if;
        -: 1237:         end if;
        -: 1238:
        -: 1239:      elsif Index_Type'First <= 0 then
        -: 1240:
        -: 1241:         --  We know that No_Index (the same as Index_Type'First - 1) is less
        -: 1242:         --  than 0, so it is safe to compute the following sum without fear of
        -: 1243:         --  overflow.
        -: 1244:
        -: 1245:         J := Count_Type'Base (No_Index) + Count_Type'Last;
        -: 1246:
        -: 1247:         if J <= Count_Type'Base (Index_Type'Last) then
        -: 1248:
        -: 1249:            --  We have determined that range of Index_Type has at least as
        -: 1250:            --  many values as in Count_Type, so Count_Type'Last is the maximum
        -: 1251:            --  number of items that are allowed.
        -: 1252:
        -: 1253:            Max_Length := Count_Type'Last;
        -: 1254:
        -: 1255:         else
        -: 1256:            --  The range of Index_Type has fewer values than Count_Type does,
        -: 1257:            --  so the maximum number of items is computed from the range of
        -: 1258:            --  the Index_Type.
        -: 1259:
        -: 1260:            Max_Length :=
        -: 1261:              Count_Type'Base (Index_Type'Last) - Count_Type'Base (No_Index);
        -: 1262:         end if;
        -: 1263:
        -: 1264:      else
        -: 1265:         --  No_Index is equal or greater than 0, so we can safely compute the
        -: 1266:         --  difference without fear of overflow (which we would have to worry
        -: 1267:         --  about if No_Index were less than 0, but that case is handled
        -: 1268:         --  above).
        -: 1269:
        -: 1270:         Max_Length :=
        -: 1271:           Count_Type'Base (Index_Type'Last) - Count_Type'Base (No_Index);
        -: 1272:      end if;
        -: 1273:
        -: 1274:      --  We have just computed the maximum length (number of items). We must
        -: 1275:      --  now compare the requested length to the maximum length, as we do not
        -: 1276:      --  allow a vector expand beyond the maximum (because that would create
        -: 1277:      --  an internal array with a last index value greater than
        -: 1278:      --  Index_Type'Last, with no way to index those elements).
        -: 1279:
        3: 1280:      if Checks and then New_Length > Max_Length then
    #####: 1281:         raise Constraint_Error with "Count is out of range";
        -: 1282:      end if;
        -: 1283:
        -: 1284:      --  New_Last is the last index value of the items in the container after
        -: 1285:      --  insertion.  Use the wider of Index_Type'Base and Count_Type'Base to
        -: 1286:      --  compute its value from the New_Length.
        -: 1287:
        -: 1288:      if Index_Type'Base'Last >= Count_Type_Last then
        3: 1289:         New_Last := No_Index + Index_Type'Base (New_Length);
        -: 1290:      else
        -: 1291:         New_Last := Index_Type'Base (Count_Type'Base (No_Index) + New_Length);
        -: 1292:      end if;
        -: 1293:
        3: 1294:      if Container.Elements = null then
        -: 1295:         pragma Assert (Container.Last = No_Index);
        -: 1296:
        -: 1297:         --  This is the simplest case, with which we must always begin: we're
        -: 1298:         --  inserting items into an empty vector that hasn't allocated an
        -: 1299:         --  internal array yet. Note that we don't need to check the busy bit
        -: 1300:         --  here, because an empty container cannot be busy.
        -: 1301:
        -: 1302:         --  In an indefinite vector, elements are allocated individually, and
        -: 1303:         --  stored as access values on the internal array (the length of which
        -: 1304:         --  represents the vector "capacity"), which is separately allocated.
        -: 1305:
        1: 1306:         Container.Elements := new Elements_Type (New_Last);
        -: 1307:
        -: 1308:         --  The element backbone has been successfully allocated, so now we
        -: 1309:         --  allocate the elements.
        -: 1310:
        1: 1311:         for Idx in Container.Elements.EA'Range loop
        -: 1312:
        -: 1313:            --  In order to preserve container invariants, we always attempt
        -: 1314:            --  the element allocation first, before setting the Last index
        -: 1315:            --  value, in case the allocation fails (either because there is no
        -: 1316:            --  storage available, or because element initialization fails).
        -: 1317:
        1: 1318:            declare
        -: 1319:               --  The element allocator may need an accessibility check in the
        -: 1320:               --  case actual type is class-wide or has access discriminants
        -: 1321:               --  (see RM 4.8(10.1) and AI12-0035).
        -: 1322:
        -: 1323:               pragma Unsuppress (Accessibility_Check);
        -: 1324:
        -: 1325:            begin
        2: 1326:               Container.Elements.EA (Idx) := new Element_Type'(New_Item);
        -: 1327:            end;
        -: 1328:
        -: 1329:            --  The allocation of the element succeeded, so it is now safe to
        -: 1330:            --  update the Last index, restoring container invariants.
        -: 1331:
        1: 1332:            Container.Last := Idx;
    #####: 1333:         end loop;
        -: 1334:
        1: 1335:         return;
        -: 1336:      end if;
        -: 1337:
        -: 1338:      --  The tampering bits exist to prevent an item from being harmfully
        -: 1339:      --  manipulated while it is being visited. Query, Update, and Iterate
        -: 1340:      --  increment the busy count on entry, and decrement the count on
        -: 1341:      --  exit. Insert checks the count to determine whether it is being called
        -: 1342:      --  while the associated callback procedure is executing.
        -: 1343:
        2: 1344:      TC_Check (Container.TC);
        -: 1345:
        2: 1346:      if New_Length <= Container.Elements.EA'Length then
        -: 1347:
        -: 1348:         --  In this case, we're inserting elements into a vector that has
        -: 1349:         --  already allocated an internal array, and the existing array has
        -: 1350:         --  enough unused storage for the new items.
        -: 1351:
        -: 1352:         declare
    #####: 1353:            E : Elements_Array renames Container.Elements.EA;
        -: 1354:            K : Index_Type'Base;
        -: 1355:
        -: 1356:         begin
    #####: 1357:            if Before > Container.Last then
        -: 1358:
        -: 1359:               --  The new items are being appended to the vector, so no
        -: 1360:               --  sliding of existing elements is required.
        -: 1361:
    #####: 1362:               for Idx in Before .. New_Last loop
        -: 1363:
        -: 1364:                  --  In order to preserve container invariants, we always
        -: 1365:                  --  attempt the element allocation first, before setting the
        -: 1366:                  --  Last index value, in case the allocation fails (either
        -: 1367:                  --  because there is no storage available, or because element
        -: 1368:                  --  initialization fails).
        -: 1369:
    #####: 1370:                  declare
        -: 1371:                     --  The element allocator may need an accessibility check
        -: 1372:                     --  in case the actual type is class-wide or has access
        -: 1373:                     --  discriminants (see RM 4.8(10.1) and AI12-0035).
        -: 1374:
        -: 1375:                     pragma Unsuppress (Accessibility_Check);
        -: 1376:
        -: 1377:                  begin
    #####: 1378:                     E (Idx) := new Element_Type'(New_Item);
        -: 1379:                  end;
        -: 1380:
        -: 1381:                  --  The allocation of the element succeeded, so it is now
        -: 1382:                  --  safe to update the Last index, restoring container
        -: 1383:                  --  invariants.
        -: 1384:
    #####: 1385:                  Container.Last := Idx;
    #####: 1386:               end loop;
        -: 1387:
        -: 1388:            else
        -: 1389:               --  The new items are being inserted before some existing
        -: 1390:               --  elements, so we must slide the existing elements up to their
        -: 1391:               --  new home. We use the wider of Index_Type'Base and
        -: 1392:               --  Count_Type'Base as the type for intermediate index values.
        -: 1393:
        -: 1394:               if Index_Type'Base'Last >= Count_Type_Last then
    #####: 1395:                  Index := Before + Index_Type'Base (Count);
        -: 1396:               else
        -: 1397:                  Index := Index_Type'Base (Count_Type'Base (Before) + Count);
        -: 1398:               end if;
        -: 1399:
        -: 1400:               --  The new items are being inserted in the middle of the array,
        -: 1401:               --  in the range [Before, Index). Copy the existing elements to
        -: 1402:               --  the end of the array, to make room for the new items.
        -: 1403:
    #####: 1404:               E (Index .. New_Last) := E (Before .. Container.Last);
    #####: 1405:               Container.Last := New_Last;
        -: 1406:
        -: 1407:               --  We have copied the existing items up to the end of the
        -: 1408:               --  array, to make room for the new items in the middle of
        -: 1409:               --  the array.  Now we actually allocate the new items.
        -: 1410:
        -: 1411:               --  Note: initialize K outside loop to make it clear that
        -: 1412:               --  K always has a value if the exception handler triggers.
        -: 1413:
    #####: 1414:               K := Before;
        -: 1415:
        -: 1416:               declare
        -: 1417:                  --  The element allocator may need an accessibility check in
        -: 1418:                  --  the case the actual type is class-wide or has access
        -: 1419:                  --  discriminants (see RM 4.8(10.1) and AI12-0035).
        -: 1420:
        -: 1421:                  pragma Unsuppress (Accessibility_Check);
        -: 1422:
        -: 1423:               begin
    #####: 1424:                  while K < Index loop
    #####: 1425:                     E (K) := new Element_Type'(New_Item);
    #####: 1426:                     K := K + 1;
    #####: 1427:                  end loop;
        -: 1428:
        -: 1429:               exception
    #####: 1430:                  when others =>
        -: 1431:
        -: 1432:                     --  Values in the range [Before, K) were successfully
        -: 1433:                     --  allocated, but values in the range [K, Index) are
        -: 1434:                     --  stale (these array positions contain copies of the
        -: 1435:                     --  old items, that did not get assigned a new item,
        -: 1436:                     --  because the allocation failed). We must finish what
        -: 1437:                     --  we started by clearing out all of the stale values,
        -: 1438:                     --  leaving a "hole" in the middle of the array.
        -: 1439:
    #####: 1440:                     E (K .. Index - 1) := (others => null);
    #####: 1441:                     raise;
        -: 1442:               end;
        -: 1443:            end if;
        -: 1444:         end;
        -: 1445:
    #####: 1446:         return;
        -: 1447:      end if;
        -: 1448:
        -: 1449:      --  In this case, we're inserting elements into a vector that has already
        -: 1450:      --  allocated an internal array, but the existing array does not have
        -: 1451:      --  enough storage, so we must allocate a new, longer array. In order to
        -: 1452:      --  guarantee that the amortized insertion cost is O(1), we always
        -: 1453:      --  allocate an array whose length is some power-of-two factor of the
        -: 1454:      --  current array length. (The new array cannot have a length less than
        -: 1455:      --  the New_Length of the container, but its last index value cannot be
        -: 1456:      --  greater than Index_Type'Last.)
        -: 1457:
        2: 1458:      New_Capacity := Count_Type'Max (1, Container.Elements.EA'Length);
        4: 1459:      while New_Capacity < New_Length loop
        2: 1460:         if New_Capacity > Count_Type'Last / 2 then
    #####: 1461:            New_Capacity := Count_Type'Last;
    #####: 1462:            exit;
        -: 1463:         end if;
        -: 1464:
        2: 1465:         New_Capacity := 2 * New_Capacity;
        2: 1466:      end loop;
        -: 1467:
        2: 1468:      if New_Capacity > Max_Length then
        -: 1469:
        -: 1470:         --  We have reached the limit of capacity, so no further expansion
        -: 1471:         --  will occur. (This is not a problem, as there is never a need to
        -: 1472:         --  have more capacity than the maximum container length.)
        -: 1473:
    #####: 1474:         New_Capacity := Max_Length;
        -: 1475:      end if;
        -: 1476:
        -: 1477:      --  We have computed the length of the new internal array (and this is
        -: 1478:      --  what "vector capacity" means), so use that to compute its last index.
        -: 1479:
        -: 1480:      if Index_Type'Base'Last >= Count_Type_Last then
        2: 1481:         Dst_Last := No_Index + Index_Type'Base (New_Capacity);
        -: 1482:      else
        -: 1483:         Dst_Last :=
        -: 1484:           Index_Type'Base (Count_Type'Base (No_Index) + New_Capacity);
        -: 1485:      end if;
        -: 1486:
        -: 1487:      --  Now we allocate the new, longer internal array. If the allocation
        -: 1488:      --  fails, we have not changed any container state, so no side-effect
        -: 1489:      --  will occur as a result of propagating the exception.
        -: 1490:
        2: 1491:      Dst := new Elements_Type (Dst_Last);
        -: 1492:
        -: 1493:      --  We have our new internal array. All that needs to be done now is to
        -: 1494:      --  copy the existing items (if any) from the old array (the "source"
        -: 1495:      --  array) to the new array (the "destination" array), and then
        -: 1496:      --  deallocate the old array.
        -: 1497:
        -: 1498:      declare
        2: 1499:         Src : Elements_Access := Container.Elements;
        -: 1500:
        -: 1501:      begin
        6: 1502:         Dst.EA (Index_Type'First .. Before - 1) :=
        4: 1503:           Src.EA (Index_Type'First .. Before - 1);
        -: 1504:
        2: 1505:         if Before > Container.Last then
        -: 1506:
        -: 1507:            --  The new items are being appended to the vector, so no
        -: 1508:            --  sliding of existing elements is required.
        -: 1509:
        -: 1510:            --  We have copied the elements from to the old source array to the
        -: 1511:            --  new destination array, so we can now deallocate the old array.
        -: 1512:
        2: 1513:            Container.Elements := Dst;
        2: 1514:            Free (Src);
        -: 1515:
        -: 1516:            --  Now we append the new items.
        -: 1517:
        2: 1518:            for Idx in Before .. New_Last loop
        -: 1519:
        -: 1520:               --  In order to preserve container invariants, we always attempt
        -: 1521:               --  the element allocation first, before setting the Last index
        -: 1522:               --  value, in case the allocation fails (either because there
        -: 1523:               --  is no storage available, or because element initialization
        -: 1524:               --  fails).
        -: 1525:
        2: 1526:               declare
        -: 1527:                  --  The element allocator may need an accessibility check in
        -: 1528:                  --  the case the actual type is class-wide or has access
        -: 1529:                  --  discriminants (see RM 4.8(10.1) and AI12-0035).
        -: 1530:
        -: 1531:                  pragma Unsuppress (Accessibility_Check);
        -: 1532:
        -: 1533:               begin
        2: 1534:                  Dst.EA (Idx) := new Element_Type'(New_Item);
        -: 1535:               end;
        -: 1536:
        -: 1537:               --  The allocation of the element succeeded, so it is now safe
        -: 1538:               --  to update the Last index, restoring container invariants.
        -: 1539:
        2: 1540:               Container.Last := Idx;
    #####: 1541:            end loop;
        -: 1542:
        -: 1543:         else
        -: 1544:            --  The new items are being inserted before some existing elements,
        -: 1545:            --  so we must slide the existing elements up to their new home.
        -: 1546:
        -: 1547:            if Index_Type'Base'Last >= Count_Type_Last then
    #####: 1548:               Index := Before + Index_Type'Base (Count);
        -: 1549:            else
        -: 1550:               Index := Index_Type'Base (Count_Type'Base (Before) + Count);
        -: 1551:            end if;
        -: 1552:
    #####: 1553:            Dst.EA (Index .. New_Last) := Src.EA (Before .. Container.Last);
        -: 1554:
        -: 1555:            --  We have copied the elements from to the old source array to the
        -: 1556:            --  new destination array, so we can now deallocate the old array.
        -: 1557:
    #####: 1558:            Container.Elements := Dst;
    #####: 1559:            Container.Last := New_Last;
    #####: 1560:            Free (Src);
        -: 1561:
[...]
    #####: 3251:         Container.Insert_Space (Container.Last + 1, -Count);
        -: 3252:      end if;
    #####: 3253:   end Set_Length;
        -: 3254:
        -: 3255:   ----------
        -: 3256:   -- Swap --
        -: 3257:   ----------
        -: 3258:
    #####: 3259:   procedure Swap (Container : in out Vector; I, J : Index_Type) is
        -: 3260:   begin
        -: 3261:      if Checks then
    #####: 3262:         if I > Container.Last then
    #####: 3263:            raise Constraint_Error with "I index is out of range";
        -: 3264:         end if;
        -: 3265:
    #####: 3266:         if J > Container.Last then
    #####: 3267:            raise Constraint_Error with "J index is out of range";
        -: 3268:         end if;
        -: 3269:      end if;
        -: 3270:
    #####: 3271:      if I = J then
    #####: 3272:         return;
        -: 3273:      end if;
        -: 3274:
    #####: 3275:      TE_Check (Container.TC);
        -: 3276:
        -: 3277:      declare
    #####: 3278:         EI : Element_Access renames Container.Elements.EA (I);
    #####: 3279:         EJ : Element_Access renames Container.Elements.EA (J);
        -: 3280:
    #####: 3281:         EI_Copy : constant Element_Access := EI;
        -: 3282:
        -: 3283:      begin
    #####: 3284:         EI := EJ;
    #####: 3285:         EJ := EI_Copy;
    #####: 3286:      end;
    #####: 3287:   end Swap;
        -: 3288:
    #####: 3289:   procedure Swap
        -: 3290:     (Container : in out Vector;
        -: 3291:      I, J      : Cursor)
        -: 3292:   is
        -: 3293:   begin
        -: 3294:      if Checks then
    #####: 3295:         if I.Container = null then
    #####: 3296:            raise Constraint_Error with "I cursor has no element";
        -: 3297:         end if;
        -: 3298:
    #####: 3299:         if J.Container = null then
    #####: 3300:            raise Constraint_Error with "J cursor has no element";
        -: 3301:         end if;
        -: 3302:
    #####: 3303:         if I.Container /= Container'Unrestricted_Access then
    #####: 3304:            raise Program_Error with "I cursor denotes wrong container";
        -: 3305:         end if;
        -: 3306:
    #####: 3307:         if J.Container /= Container'Unrestricted_Access then
    #####: 3308:            raise Program_Error with "J cursor denotes wrong container";
        -: 3309:         end if;
        -: 3310:      end if;
        -: 3311:
    #####: 3312:      Swap (Container, I.Index, J.Index);
    #####: 3313:   end Swap;
        -: 3314:
        -: 3315:   ---------------
        -: 3316:   -- To_Cursor --
        -: 3317:   ---------------
        -: 3318:
    #####: 3319:   function To_Cursor
        -: 3320:     (Container : Vector;
        -: 3321:      Index     : Extended_Index) return Cursor
        -: 3322:   is
        -: 3323:   begin
    #####: 3324:      if Index not in Index_Type'First .. Container.Last then
    #####: 3325:         return No_Element;
        -: 3326:      end if;
        -: 3327:
    #####: 3328:      return Cursor'(Container'Unrestricted_Access, Index);
        -: 3329:   end To_Cursor;
        -: 3330:
        -: 3331:   --------------
        -: 3332:   -- To_Index --
        -: 3333:   --------------
        -: 3334:
    #####: 3335:   function To_Index (Position : Cursor) return Extended_Index is
        -: 3336:   begin
    #####: 3337:      if Position.Container = null then
    #####: 3338:         return No_Index;
    #####: 3339:      elsif Position.Index <= Position.Container.Last then
    #####: 3340:         return Position.Index;
        -: 3341:      else
    #####: 3342:         return No_Index;
        -: 3343:      end if;
        -: 3344:   end To_Index;
        -: 3345:
        -: 3346:   ---------------
        -: 3347:   -- To_Vector --
        -: 3348:   ---------------
        -: 3349:
    #####: 3350:   function To_Vector (Length : Count_Type) return Vector is
    =====: 3351:      Index    : Count_Type'Base;
        -: 3352:      Last     : Index_Type'Base;
    #####: 3353:      Elements : Elements_Access;
        -: 3354:
        -: 3355:   begin
    #####: 3356:      if Length = 0 then
    #####: 3357:         return Empty_Vector;
        -: 3358:      end if;
        -: 3359:
        -: 3360:      --  We create a vector object with a capacity that matches the specified
        -: 3361:      --  Length, but we do not allow the vector capacity (the length of the
        -: 3362:      --  internal array) to exceed the number of values in Index_Type'Range
        -: 3363:      --  (otherwise, there would be no way to refer to those components via an
        -: 3364:      --  index).  We must therefore check whether the specified Length would
        -: 3365:      --  create a Last index value greater than Index_Type'Last.
        -: 3366:
        -: 3367:      if Index_Type'Base'Last >= Count_Type_Last then
        -: 3368:
        -: 3369:         --  We perform a two-part test. First we determine whether the
        -: 3370:         --  computed Last value lies in the base range of the type, and then
        -: 3371:         --  determine whether it lies in the range of the index (sub)type.
        -: 3372:
        -: 3373:         --  Last must satisfy this relation:
        -: 3374:         --    First + Length - 1 <= Last
        -: 3375:         --  We regroup terms:
        -: 3376:         --    First - 1 <= Last - Length
        -: 3377:         --  Which can rewrite as:
        -: 3378:         --    No_Index <= Last - Length
        -: 3379:
        -: 3380:         if Checks and then
        -: 3381:           Index_Type'Base'Last - Index_Type'Base (Length) < No_Index
        -: 3382:         then
        -: 3383:            raise Constraint_Error with "Length is out of range";
        -: 3384:         end if;
        -: 3385:
        -: 3386:         --  We now know that the computed value of Last is within the base
        -: 3387:         --  range of the type, so it is safe to compute its value:
        -: 3388:
    #####: 3389:         Last := No_Index + Index_Type'Base (Length);
        -: 3390:
        -: 3391:         --  Finally we test whether the value is within the range of the
        -: 3392:         --  generic actual index subtype:
        -: 3393:
        -: 3394:         if Checks and then Last > Index_Type'Last then
        -: 3395:            raise Constraint_Error with "Length is out of range";
        -: 3396:         end if;
        -: 3397:
        -: 3398:      elsif Index_Type'First <= 0 then
        -: 3399:
        -: 3400:         --  Here we can compute Last directly, in the normal way. We know that
        -: 3401:         --  No_Index is less than 0, so there is no danger of overflow when
        -: 3402:         --  adding the (positive) value of Length.
        -: 3403:
        -: 3404:         Index := Count_Type'Base (No_Index) + Length;  -- Last
        -: 3405:
        -: 3406:         if Checks and then Index > Count_Type'Base (Index_Type'Last) then
        -: 3407:            raise Constraint_Error with "Length is out of range";
        -: 3408:         end if;
        -: 3409:
        -: 3410:         --  We know that the computed value (having type Count_Type) of Last
        -: 3411:         --  is within the range of the generic actual index subtype, so it is
        -: 3412:         --  safe to convert to Index_Type:
        -: 3413:
        -: 3414:         Last := Index_Type'Base (Index);
        -: 3415:
        -: 3416:      else
        -: 3417:         --  Here Index_Type'First (and Index_Type'Last) is positive, so we
        -: 3418:         --  must test the length indirectly (by working backwards from the
        -: 3419:         --  largest possible value of Last), in order to prevent overflow.
        -: 3420:
        -: 3421:         Index := Count_Type'Base (Index_Type'Last) - Length;  -- No_Index
        -: 3422:
        -: 3423:         if Checks and then Index < Count_Type'Base (No_Index) then
        -: 3424:            raise Constraint_Error with "Length is out of range";
        -: 3425:         end if;
        -: 3426:
        -: 3427:         --  We have determined that the value of Length would not create a
        -: 3428:         --  Last index value outside of the range of Index_Type, so we can now
        -: 3429:         --  safely compute its value.
        -: 3430:
        -: 3431:         Last := Index_Type'Base (Count_Type'Base (No_Index) + Length);
        -: 3432:      end if;
        -: 3433:
    #####: 3434:      Elements := new Elements_Type (Last);
        -: 3435:
    #####: 3436:      return Vector'(Controlled with Elements, Last, TC => <>);
    #####: 3437:   end To_Vector;
        -: 3438:
    #####: 3439:   function To_Vector
        -: 3440:     (New_Item : Element_Type;
        -: 3441:      Length   : Count_Type) return Vector
        -: 3442:   is
        -: 3443:      Index    : Count_Type'Base;
        -: 3444:      Last     : Index_Type'Base;
    #####: 3445:      Elements : Elements_Access;
        -: 3446:
        -: 3447:   begin
    #####: 3448:      if Length = 0 then
    #####: 3449:         return Empty_Vector;
        -: 3450:      end if;
        -: 3451:
        -: 3452:      --  We create a vector object with a capacity that matches the specified
        -: 3453:      --  Length, but we do not allow the vector capacity (the length of the
        -: 3454:      --  internal array) to exceed the number of values in Index_Type'Range
        -: 3455:      --  (otherwise, there would be no way to refer to those components via an
        -: 3456:      --  index). We must therefore check whether the specified Length would
        -: 3457:      --  create a Last index value greater than Index_Type'Last.
        -: 3458:
        -: 3459:      if Index_Type'Base'Last >= Count_Type_Last then
        -: 3460:
        -: 3461:         --  We perform a two-part test. First we determine whether the
        -: 3462:         --  computed Last value lies in the base range of the type, and then
        -: 3463:         --  determine whether it lies in the range of the index (sub)type.
        -: 3464:
        -: 3465:         --  Last must satisfy this relation:
        -: 3466:         --    First + Length - 1 <= Last
        -: 3467:         --  We regroup terms:
        -: 3468:         --    First - 1 <= Last - Length
        -: 3469:         --  Which can rewrite as:
        -: 3470:         --    No_Index <= Last - Length
        -: 3471:
        -: 3472:         if Checks and then
        -: 3473:           Index_Type'Base'Last - Index_Type'Base (Length) < No_Index
        -: 3474:         then
        -: 3475:            raise Constraint_Error with "Length is out of range";
        -: 3476:         end if;
        -: 3477:
        -: 3478:         --  We now know that the computed value of Last is within the base
        -: 3479:         --  range of the type, so it is safe to compute its value:
        -: 3480:
    #####: 3481:         Last := No_Index + Index_Type'Base (Length);
        -: 3482:
        -: 3483:         --  Finally we test whether the value is within the range of the
        -: 3484:         --  generic actual index subtype:
        -: 3485:
        -: 3486:         if Checks and then Last > Index_Type'Last then
        -: 3487:            raise Constraint_Error with "Length is out of range";
        -: 3488:         end if;
        -: 3489:
        -: 3490:      elsif Index_Type'First <= 0 then
        -: 3491:
        -: 3492:         --  Here we can compute Last directly, in the normal way. We know that
        -: 3493:         --  No_Index is less than 0, so there is no danger of overflow when
        -: 3494:         --  adding the (positive) value of Length.
        -: 3495:
        -: 3496:         Index := Count_Type'Base (No_Index) + Length;  -- Last
        -: 3497:
        -: 3498:         if Checks and then Index > Count_Type'Base (Index_Type'Last) then
        -: 3499:            raise Constraint_Error with "Length is out of range";
        -: 3500:         end if;
        -: 3501:
        -: 3502:         --  We know that the computed value (having type Count_Type) of Last
        -: 3503:         --  is within the range of the generic actual index subtype, so it is
        -: 3504:         --  safe to convert to Index_Type:
        -: 3505:
        -: 3506:         Last := Index_Type'Base (Index);
        -: 3507:
        -: 3508:      else
        -: 3509:         --  Here Index_Type'First (and Index_Type'Last) is positive, so we
        -: 3510:         --  must test the length indirectly (by working backwards from the
        -: 3511:         --  largest possible value of Last), in order to prevent overflow.
        -: 3512:
        -: 3513:         Index := Count_Type'Base (Index_Type'Last) - Length;  -- No_Index
        -: 3514:
        -: 3515:         if Checks and then Index < Count_Type'Base (No_Index) then
        -: 3516:            raise Constraint_Error with "Length is out of range";
        -: 3517:         end if;
        -: 3518:
        -: 3519:         --  We have determined that the value of Length would not create a
        -: 3520:         --  Last index value outside of the range of Index_Type, so we can now
        -: 3521:         --  safely compute its value.
        -: 3522:
        -: 3523:         Last := Index_Type'Base (Count_Type'Base (No_Index) + Length);
        -: 3524:      end if;
        -: 3525:
    #####: 3526:      Elements := new Elements_Type (Last);
        -: 3527:
        -: 3528:      --  We use Last as the index of the loop used to populate the internal
        -: 3529:      --  array with items. In general, we prefer to initialize the loop index
        -: 3530:      --  immediately prior to entering the loop. However, Last is also used in
        -: 3531:      --  the exception handler (to reclaim elements that have been allocated,
        -: 3532:      --  before propagating the exception), and the initialization of Last
        -: 3533:      --  after entering the block containing the handler confuses some static
        -: 3534:      --  analysis tools, with respect to whether Last has been properly
        -: 3535:      --  initialized when the handler executes. So here we initialize our loop
        -: 3536:      --  variable earlier than we prefer, before entering the block, so there
        -: 3537:      --  is no ambiguity.
        -: 3538:
    #####: 3539:      Last := Index_Type'First;
        -: 3540:
        -: 3541:      declare
        -: 3542:         --  The element allocator may need an accessibility check in the case
        -: 3543:         --  where the actual type is class-wide or has access discriminants
        -: 3544:         --  (see RM 4.8(10.1) and AI12-0035).
        -: 3545:
        -: 3546:         pragma Unsuppress (Accessibility_Check);
        -: 3547:
        -: 3548:      begin
    #####: 3549:         loop
    #####: 3550:            Elements.EA (Last) := new Element_Type'(New_Item);
    #####: 3551:            exit when Last = Elements.Last;
    #####: 3552:            Last := Last + 1;
    #####: 3553:         end loop;
        -: 3554:
        -: 3555:      exception
    #####: 3556:         when others =>
    #####: 3557:            for J in Index_Type'First .. Last - 1 loop
    #####: 3558:               Free (Elements.EA (J));
    #####: 3559:            end loop;
        -: 3560:
    #####: 3561:            Free (Elements);
    #####: 3562:            raise;
        -: 3563:      end;
        -: 3564:
    #####: 3565:      return (Controlled with Elements, Last, TC => <>);
    #####: 3566:   end To_Vector;
        -: 3567:
        -: 3568:   --------------------
        -: 3569:   -- Update_Element --
        -: 3570:   --------------------
        -: 3571:
    #####: 3572:   procedure Update_Element
        -: 3573:     (Container : in out Vector;
        -: 3574:      Index     : Index_Type;
        -: 3575:      Process   : not null access procedure (Element : in out Element_Type))
        -: 3576:   is
    #####: 3577:      Lock : With_Lock (Container.TC'Unchecked_Access);
        -: 3578:   begin
    #####: 3579:      if Checks and then Index > Container.Last then
    #####: 3580:         raise Constraint_Error with "Index is out of range";
        -: 3581:      end if;
        -: 3582:
    #####: 3583:      if Checks and then Container.Elements.EA (Index) = null then
    #####: 3584:         raise Constraint_Error with "element is null";
        -: 3585:      end if;
        -: 3586:
    #####: 3587:      Process (Container.Elements.EA (Index).all);
    #####: 3588:   end Update_Element;
        -: 3589:
    #####: 3590:   procedure Update_Element
        -: 3591:     (Container : in out Vector;
        -: 3592:      Position  : Cursor;
        -: 3593:      Process   : not null access procedure (Element : in out Element_Type))
        -: 3594:   is
        -: 3595:   begin
        -: 3596:      if Checks then
    #####: 3597:         if Position.Container = null then
    #####: 3598:            raise Constraint_Error with "Position cursor has no element";
    #####: 3599:         elsif Position.Container /= Container'Unrestricted_Access then
    #####: 3600:            raise Program_Error with "Position cursor denotes wrong container";
        -: 3601:         end if;
        -: 3602:      end if;
        -: 3603:
    #####: 3604:      Update_Element (Container, Position.Index, Process);
    #####: 3605:   end Update_Element;
        -: 3606:
        -: 3607:   -----------
        -: 3608:   -- Write --
        -: 3609:   -----------
        -: 3610:
    #####: 3611:   procedure Write
        -: 3612:     (Stream    : not null access Root_Stream_Type'Class;
        -: 3613:      Container : Vector)
        -: 3614:   is
    #####: 3615:      N : constant Count_Type := Length (Container);
        -: 3616:
        -: 3617:   begin
    #####: 3618:      Count_Type'Base'Write (Stream, N);
        -: 3619:
    #####: 3620:      if N = 0 then
    #####: 3621:         return;
        -: 3622:      end if;
        -: 3623:
        -: 3624:      declare
    #####: 3625:         E : Elements_Array renames Container.Elements.EA;
        -: 3626:
        -: 3627:      begin
    #####: 3628:         for Indx in Index_Type'First .. Container.Last loop
    #####: 3629:            if E (Indx) = null then
    #####: 3630:               Boolean'Write (Stream, False);
        -: 3631:            else
    #####: 3632:               Boolean'Write (Stream, True);
    #####: 3633:               Element_Type'Output (Stream, E (Indx).all);
        -: 3634:            end if;
    #####: 3635:         end loop;
        -: 3636:      end;
    #####: 3637:   end Write;
        -: 3638:
    #####: 3639:   procedure Write
        -: 3640:     (Stream   : not null access Root_Stream_Type'Class;
        -: 3641:      Position : Cursor)
        -: 3642:   is
        -: 3643:   begin
    #####: 3644:      raise Program_Error with "attempt to stream vector cursor";
        -: 3645:   end Write;
        -: 3646:
    #####: 3647:   procedure Write
        -: 3648:     (Stream : not null access Root_Stream_Type'Class;
        -: 3649:      Item   : Reference_Type)
        -: 3650:   is
        -: 3651:   begin
    #####: 3652:      raise Program_Error with "attempt to stream reference";
        -: 3653:   end Write;
        -: 3654:
    #####: 3655:   procedure Write
        -: 3656:     (Stream : not null access Root_Stream_Type'Class;
        -: 3657:      Item   : Constant_Reference_Type)
        -: 3658:   is
        -: 3659:   begin
    #####: 3660:      raise Program_Error with "attempt to stream reference";
        -: 3661:   end Write;
        -: 3662:
        -: 3663:end Ada.Containers.Indefinite_Vectors;
