        -:    0:Source:/mnt/c/Users/reiva/source/ada-chat/src/utils/randomizer.adb
        -:    1:with Types;
        -:    2:with Ada.Numerics.Discrete_Random;
        -:    3:package body Randomizer is
        -:    4:    use Types;
        -:    5:
        3:    6:    function Generate_Rand_U64 return U64 is
        -:    7:        package Rand_U64 is new Ada.Numerics.Discrete_Random(U64);
        -:    8:        use Rand_U64;
        3:    9:        Gen : Generator;
        -:   10:        Num : U64;
        -:   11:    begin
        3:   12:        Reset(Gen);
        3:   13:        Num := Random(gen);
        3:   14:        return Num;
        3:   15:    end Generate_Rand_U64;
        -:   16:
        -:   17:end Randomizer;
